<?xml version="1.0" encoding="UTF-8"?>
<!-- Generated by org.testng.reporters.JUnitXMLReporter -->
<testsuite hostname="PUNAC3013L3486" name="Default test" tests="4" failures="0" timestamp="26 Mar 2018 10:27:28 GMT" time="89.199" errors="0">
  <testcase name="EbayAppStart" time="14.266" classname="mobileAutomation.Ebay"/>
  <testcase name="EbayAppLogin" time="38.731" classname="mobileAutomation.Ebay"/>
  <testcase name="EbayAppPurchase" time="25.136" classname="mobileAutomation.Ebay"/>
  <testcase name="EbayAppTransactions4" time="4.779" classname="mobileAutomation.Ebay"/>
</testsuite> <!-- Default test -->
