<?xml version="1.0" encoding="UTF-8"?>
<!-- Generated by org.testng.reporters.JUnitXMLReporter -->
<testsuite hostname="PUNAC3013L3486" name="TestAndroid" tests="1" failures="1" timestamp="24 Mar 2018 06:43:34 GMT" time="21.885" errors="0">
  <testcase name="testUntitled" time="13.66" classname="mobileAutomation.Ebay">
    <failure type="org.openqa.selenium.NoSuchElementException" message="no such element (An element could not be located on the page using the given search parameters (XPATH=&amp;apos;//*[@text=&amp;apos;Sign in&amp;apos;]&amp;apos;))  (WARNING: The server did not provide any stacktrace information)
Command duration or timeout: 3.15 seconds
For documentation on this error, please visit: http://seleniumhq.org/exceptions/no_such_element.html
Build info: version: &amp;apos;2.53.1&amp;apos;, revision: &amp;apos;a36b8b1cd5757287168e54b817830adce9b0158d&amp;apos;, time: &amp;apos;2016-06-30 19:26:09&amp;apos;
System info: host: &amp;apos;PUNAC3013L3486&amp;apos;, ip: &amp;apos;192.168.0.100&amp;apos;, os.name: &amp;apos;Windows 7&amp;apos;, os.arch: &amp;apos;x86&amp;apos;, os.version: &amp;apos;6.1&amp;apos;, java.version: &amp;apos;1.8.0_91&amp;apos;
Driver info: io.appium.java_client.android.AndroidDriver
Capabilities [{device.majorVersion=6.0.x, dontGoHomeOnQuit=false, device.os=Android, noReset=false, dontStopAppOnReset=false, reservationDuration=240, reportFormat=xml, fullReset=false, platform=ANY, desired={reportDirectory=reports, reportFormat=xml, unicodeKeyboard=true, udid=ZY22232ZB2, platformName=Android, resetKeyboard=true, testName=Untitled}, device.serialNumber=ZY22232ZB2, device.version=6.0.1, reportDirectory=reports, unicodeKeyboard=true, autoWebview=false, udid=ZY22232ZB2, platformName=Android, resetKeyboard=true, testName=Untitled, device.screenSize=720x1280, useKeystore=false, device.manufacture=motorola, instrumentApp=false, device.category=PHONE, autoDismissAlerts=false, reportUrl=C:\Users\605071108\appiumstudio-reports\reports\test63, keystorePath=~/.android/debug.keystore, waitForDeviceTimeout=120000, device.model=MotoG3, device.name=MotoG3, projectName=, autoAcceptAlerts=false}]
Session ID: 7a433363-077d-435d-96fc-7e2f34af6a9c
*** Element info: {Using=xpath, value=//*[@text=&amp;apos;Sign in&amp;apos;]}">
      <![CDATA[org.openqa.selenium.NoSuchElementException: no such element (An element could not be located on the page using the given search parameters (XPATH='//*[@text='Sign in']'))  (WARNING: The server did not provide any stacktrace information)
Command duration or timeout: 3.15 seconds
For documentation on this error, please visit: http://seleniumhq.org/exceptions/no_such_element.html
Build info: version: '2.53.1', revision: 'a36b8b1cd5757287168e54b817830adce9b0158d', time: '2016-06-30 19:26:09'
System info: host: 'PUNAC3013L3486', ip: '192.168.0.100', os.name: 'Windows 7', os.arch: 'x86', os.version: '6.1', java.version: '1.8.0_91'
Driver info: io.appium.java_client.android.AndroidDriver
Capabilities [{device.majorVersion=6.0.x, dontGoHomeOnQuit=false, device.os=Android, noReset=false, dontStopAppOnReset=false, reservationDuration=240, reportFormat=xml, fullReset=false, platform=ANY, desired={reportDirectory=reports, reportFormat=xml, unicodeKeyboard=true, udid=ZY22232ZB2, platformName=Android, resetKeyboard=true, testName=Untitled}, device.serialNumber=ZY22232ZB2, device.version=6.0.1, reportDirectory=reports, unicodeKeyboard=true, autoWebview=false, udid=ZY22232ZB2, platformName=Android, resetKeyboard=true, testName=Untitled, device.screenSize=720x1280, useKeystore=false, device.manufacture=motorola, instrumentApp=false, device.category=PHONE, autoDismissAlerts=false, reportUrl=C:\Users\605071108\appiumstudio-reports\reports\test63, keystorePath=~/.android/debug.keystore, waitForDeviceTimeout=120000, device.model=MotoG3, device.name=MotoG3, projectName=, autoAcceptAlerts=false}]
Session ID: 7a433363-077d-435d-96fc-7e2f34af6a9c
*** Element info: {Using=xpath, value=//*[@text='Sign in']}
	at org.openqa.selenium.remote.ErrorHandler.createThrowable(ErrorHandler.java:206)
	at org.openqa.selenium.remote.ErrorHandler.throwIfResponseFailed(ErrorHandler.java:158)
	at org.openqa.selenium.remote.RemoteWebDriver.execute(RemoteWebDriver.java:678)
	at io.appium.java_client.DefaultGenericMobileDriver.execute(DefaultGenericMobileDriver.java:40)
	at io.appium.java_client.AppiumDriver.execute(AppiumDriver.java:1)
	at io.appium.java_client.android.AndroidDriver.execute(AndroidDriver.java:1)
	at org.openqa.selenium.remote.RemoteWebDriver.findElement(RemoteWebDriver.java:363)
	at io.appium.java_client.DefaultGenericMobileDriver.findElement(DefaultGenericMobileDriver.java:56)
	at io.appium.java_client.AppiumDriver.findElement(AppiumDriver.java:1)
	at io.appium.java_client.android.AndroidDriver.findElement(AndroidDriver.java:1)
	at org.openqa.selenium.remote.RemoteWebDriver.findElementByXPath(RemoteWebDriver.java:500)
	at io.appium.java_client.DefaultGenericMobileDriver.findElementByXPath(DefaultGenericMobileDriver.java:134)
	at io.appium.java_client.AppiumDriver.findElementByXPath(AppiumDriver.java:1)
	at io.appium.java_client.android.AndroidDriver.findElementByXPath(AndroidDriver.java:1)
	at org.openqa.selenium.By$ByXPath.findElement(By.java:361)
	at org.openqa.selenium.remote.RemoteWebDriver.findElement(RemoteWebDriver.java:355)
	at io.appium.java_client.DefaultGenericMobileDriver.findElement(DefaultGenericMobileDriver.java:52)
	at io.appium.java_client.AppiumDriver.findElement(AppiumDriver.java:1)
	at io.appium.java_client.android.AndroidDriver.findElement(AndroidDriver.java:1)
	at mobileAutomation.Ebay.testUntitled(Ebay.java:72)
	at java.util.concurrent.FutureTask.run(Unknown Source)
	at java.util.concurrent.ThreadPoolExecutor.runWorker(Unknown Source)
	at java.util.concurrent.ThreadPoolExecutor$Worker.run(Unknown Source)
	at java.lang.Thread.run(Unknown Source)
... Removed 20 stack frames]]>
    </failure>
  </testcase> <!-- testUntitled -->
</testsuite> <!-- TestAndroid -->
