<?xml version="1.0" encoding="UTF-8"?>
<testng-results skipped="0" failed="0" total="4" passed="4">
  <reporter-output>
  </reporter-output>
  <suite name="Default suite" duration-ms="89199" started-at="2018-03-26T10:25:58Z" finished-at="2018-03-26T10:27:27Z">
    <groups>
    </groups>
    <test name="Default test" duration-ms="89199" started-at="2018-03-26T10:25:58Z" finished-at="2018-03-26T10:27:27Z">
      <class name="mobileAutomation.Ebay">
        <test-method status="PASS" signature="setUp()[pri:0, instance:mobileAutomation.Ebay@1d56113]" name="setUp" is-config="true" duration-ms="5179" started-at="2018-03-26T15:55:58Z" finished-at="2018-03-26T15:56:03Z">
          <reporter-output>
          </reporter-output>
        </test-method> <!-- setUp -->
        <test-method status="PASS" signature="startTest()[pri:0, instance:mobileAutomation.Ebay@1d56113]" name="startTest" is-config="true" duration-ms="499" started-at="2018-03-26T15:56:03Z" finished-at="2018-03-26T15:56:04Z">
          <reporter-output>
          </reporter-output>
        </test-method> <!-- startTest -->
        <test-method status="PASS" signature="EbayAppStart()[pri:1, instance:mobileAutomation.Ebay@1d56113]" name="EbayAppStart" duration-ms="14266" started-at="2018-03-26T15:56:04Z" finished-at="2018-03-26T15:56:18Z">
          <reporter-output>
          </reporter-output>
        </test-method> <!-- EbayAppStart -->
        <test-method status="PASS" signature="EbayAppLogin()[pri:2, instance:mobileAutomation.Ebay@1d56113]" name="EbayAppLogin" duration-ms="38731" started-at="2018-03-26T15:56:18Z" finished-at="2018-03-26T15:56:57Z">
          <reporter-output>
          </reporter-output>
        </test-method> <!-- EbayAppLogin -->
        <test-method status="PASS" signature="EbayAppPurchase()[pri:3, instance:mobileAutomation.Ebay@1d56113]" name="EbayAppPurchase" duration-ms="25136" started-at="2018-03-26T15:56:57Z" finished-at="2018-03-26T15:57:22Z">
          <reporter-output>
          </reporter-output>
        </test-method> <!-- EbayAppPurchase -->
        <test-method status="PASS" signature="EbayAppTransactions4()[pri:4, instance:mobileAutomation.Ebay@1d56113]" name="EbayAppTransactions4" duration-ms="4779" started-at="2018-03-26T15:57:22Z" finished-at="2018-03-26T15:57:27Z">
          <reporter-output>
          </reporter-output>
        </test-method> <!-- EbayAppTransactions4 -->
        <test-method status="PASS" signature="endReport()[pri:0, instance:mobileAutomation.Ebay@1d56113]" name="endReport" is-config="true" duration-ms="562" started-at="2018-03-26T15:57:27Z" finished-at="2018-03-26T15:57:27Z">
          <reporter-output>
          </reporter-output>
        </test-method> <!-- endReport -->
      </class> <!-- mobileAutomation.Ebay -->
    </test> <!-- Default test -->
  </suite> <!-- Default suite -->
</testng-results>
